\BOOKMARK [1][-]{section.0.1}{Problem statement and goals}{}% 1
\BOOKMARK [1][-]{section.0.2}{Analyzed Models}{}% 2
\BOOKMARK [1][-]{section.0.3}{Previous work}{}% 3
\BOOKMARK [1][-]{section.0.4}{The CI methods}{}% 4
\BOOKMARK [1][-]{section.0.5}{Results and Discussion}{}% 5
\BOOKMARK [1][-]{section.0.6}{Strengths and weaknesses}{}% 6
\BOOKMARK [1][-]{section.0.7}{Conclusions and future work}{}% 7
\BOOKMARK [1][-]{section.A}{Annalyzed Pattern Data Sets}{}% 8
\BOOKMARK [1][-]{section.B}{Analyzed Models}{}% 9
\BOOKMARK [1][-]{section.C}{Tested Input Data Sets}{}% 10
\BOOKMARK [1][-]{section.D}{Training and Validation Results}{}% 11
\BOOKMARK [1][-]{section.E}{Testing Results}{}% 12
\BOOKMARK [2][-]{subsection.E.1}{Testing Results for Pattern Data Set P1}{section.E}% 13
\BOOKMARK [2][-]{subsection.E.2}{Testing Results for Pattern Data Set P2}{section.E}% 14
\BOOKMARK [2][-]{subsection.E.3}{Testing Results for Pattern Data Set P3}{section.E}% 15
\BOOKMARK [2][-]{subsection.E.4}{Testing Results for Pattern Data Set P4}{section.E}% 16
\BOOKMARK [2][-]{subsection.E.5}{Testing Results for Pattern Data Set P5}{section.E}% 17
\BOOKMARK [2][-]{subsection.E.6}{Testing Results for Pattern Data Set P6}{section.E}% 18
\BOOKMARK [2][-]{subsection.E.7}{Testing Results for Pattern Data Set P7}{section.E}% 19
\BOOKMARK [2][-]{subsection.E.8}{Testing Results for Pattern Data Set P8}{section.E}% 20
\BOOKMARK [2][-]{subsection.E.9}{Testing Results for Pattern Data Set P9}{section.E}% 21
\BOOKMARK [2][-]{subsection.E.10}{Testing Results for Pattern Data Set P10}{section.E}% 22
\BOOKMARK [2][-]{subsection.E.11}{Testing Results for Pattern Data Set P11}{section.E}% 23
\BOOKMARK [2][-]{subsection.E.12}{Testing Results for Pattern Data Set P12}{section.E}% 24
\BOOKMARK [2][-]{subsection.E.13}{Testing Results for Pattern Data Set P13}{section.E}% 25
\BOOKMARK [2][-]{subsection.E.14}{Testing Results for Pattern Data Set P14}{section.E}% 26
\BOOKMARK [2][-]{subsection.E.15}{Testing Results for Pattern Data Set P15}{section.E}% 27
\BOOKMARK [2][-]{subsection.E.16}{Testing Results for Pattern Data Set P16}{section.E}% 28
\BOOKMARK [2][-]{subsection.E.17}{Testing Results for Pattern Data Set P17}{section.E}% 29
\BOOKMARK [2][-]{subsection.E.18}{Testing Results for Pattern Data Set P18}{section.E}% 30
\BOOKMARK [2][-]{subsection.E.19}{Testing Results for Pattern Data Set P19}{section.E}% 31
\BOOKMARK [2][-]{subsection.E.20}{Testing Results for Pattern Data Set P20}{section.E}% 32
\BOOKMARK [2][-]{subsection.E.21}{Testing Results for Pattern Data Set P21}{section.E}% 33
\BOOKMARK [2][-]{subsection.E.22}{Testing Results for Pattern Data Set P22}{section.E}% 34
\BOOKMARK [2][-]{subsection.E.23}{Testing Results for Pattern Data Set P23}{section.E}% 35
\BOOKMARK [2][-]{subsection.E.24}{Testing Results for Pattern Data Set P24}{section.E}% 36
\BOOKMARK [2][-]{subsection.E.25}{Testing Results for Pattern Data Set P25}{section.E}% 37
\BOOKMARK [2][-]{subsection.E.26}{Testing Results for Pattern Data Set P26}{section.E}% 38
\BOOKMARK [2][-]{subsection.E.27}{Testing Results for Pattern Data Set P27}{section.E}% 39
\BOOKMARK [2][-]{subsection.E.28}{Testing Results for Pattern Data Set P28}{section.E}% 40
